<?xml version="1.0" encoding="UTF-8"?>
<testsuite name="cactus.slabslayer.HelloWorldTest" tests="1" skipped="0" failures="0" errors="0" timestamp="2023-03-23T00:03:34" hostname="DESKTOP-2VJ4ISS" time="0.026">
  <properties/>
  <testcase name="helloWorldTest()" classname="cactus.slabslayer.HelloWorldTest" time="0.026"/>
  <system-out><![CDATA[]]></system-out>
  <system-err><![CDATA[]]></system-err>
</testsuite>
