<?xml version="1.0" encoding="UTF-8"?>
<testsuite name="cactus.slabslayer.HelloWorldTest" tests="1" skipped="0" failures="0" errors="0" timestamp="2023-03-19T19:32:20" hostname="DESKTOP-MV81I5H" time="0.028">
  <properties/>
  <testcase name="helloWorldTest()" classname="cactus.slabslayer.HelloWorldTest" time="0.028"/>
  <system-out><![CDATA[]]></system-out>
  <system-err><![CDATA[]]></system-err>
</testsuite>
